JGrZSD3GT29nT8+qnWwJ1wioiAcpH43t9yMWGcoaWqir8qh22mW8GQA4r/lsZbzFlNEsW46wwJTGNXymSkghg8HD6OSmqZv/PlCBVwfYB2yzCw==
Hs20/Ia/YWbtN64cjjmaaJkV9ADVUfEypus+c5GcX/Xcuj1qnzkSXh8ubLZhFqVbgPHiOqtSzDVEprn7gEvlIX+zGg==
TABbc/0XQNPGQ4DtqK3c2noBue9EE+bxVMt0c3R1GLNKYiOl7H827rn+JH5/Tvsex27UBjn2zacOcWiKA/IURbzmYau4a80xd7MS
Wu0pcsUPfOrfEFRhiOYrjXoBue9EE+bxVMt0c3R0GLNKYiOl7H827rn+JH5/Tvsex27UBjn2zaUOcWiKA/IURbzmYau4a80xd7MS
cHZa/oCGOr9VjtCQYqKKQnoBue9EE+bxVMt0c3R3GLNKYiOl7H827rn+JH5/Tvsex27UBjn2zaIJcWiKA/IURbzmYau4a80xd7MS
EE722ntVEybHqBm920bB7XoBue9EE+bxVMt0c3R2GLNKYiOl7H827rn+JH5/Tvsex27UBjn2zaEJcWiKA/IURbzmYau4a80xd7MS
9Hmk7h7My8GfmTd6MxuuEHoBue9EE+bxVMt0c3RxGLNKYiOl7H827rn+JH5/Tvsex27UBjn2zaYJcWiKA/IURbzmYau4a80xd7MS
uNqsP15mg9wD6CQBu4dAKXoBue9EE+bxVMt0c3RwGLNKYiOl7H827rn+JH5/Tvsex27UBjn2zaMIcWiKA/IURbzmYau4a80xd7MS
qCz8cOMviv44TnJrg3mNbJKp9RIbN4KKtTFmkNm3y2CpH4vtmIxEYAIi69XEXy4eof48Dmdu0+6PrhxW0VZ1NnXx3xr7kryV9CYpm1AL1QFvswo=
kebgppONuXNtMXZfY0JtWJKp9RIbN4KKtTFmkNm3y2CpHovtmIxEYAIi69XEXy4eof48Dmdu0+6PrhxW0VZ1MnTx3xr7kryV9CYpm1AL1QFvswo=
BchoSCpSYbFiFJ+4ptyO55Kp9RIbN4KKtTFmkNm3y2CpHYvtmIxEYAIi69XEXy4eof48Dmdu0+6PrhxW0VZ1NHTx3xr7kryV9CYpm1AL1QFvswo=
OB/NlSyQ+Ai8NNFJudotHZKp9RIbN4KKtTFmkNm3y2CpHIvtmIxEYAIi69XEXy4eof48Dmdu0+6PrhxW0VZ1Mnfx3xr7kryV9CYpm1AL1QFvswo=
zNdacu7eBnv7rtHxgoIM6pKp9RIbN4KKtTFmkNm3y2CpG4vtmIxEYAIi69XEXy4eof48Dmdu0+6PrhxW0VZ1MHfx3xr7kryV9CYpm1AL1QFvswo=
yru1jkAMgNeQz/L+02mSqZKp9RIbN4KKtTFmkNm3y2CpGovtmIxEYAIi69XEXy4eof48Dmdu0+6PrhxW0VZ1Nnfx3xr7kryV9CYpm1AL1QFvswo=
HvYyOGmzFLl16F7OUlxX5Ep6IHCJwnqDnwjZr54OohiqVzGtj5y1xZ2Nif2TAwx5bmEAidrBGbVl6g8t1YMbEQkIRjxB7McrnOjCahXFQFHnbvRG2XatYO5xR0qjcrSF3OaB69jrbXFXszI=
pvWBr//Fl4RvxkhN9rmphUp6IHCJwnqDnwjZr54OohiqVzGtj5yyxZ2Nif2TAwx5bmEAidrBGbVl6g8t1YMbEAkIRjxB7McrnOjCahXFQFHnbvRG2XatZe5xR0qjcrSF3OaB69jrbXFXszI=
7UwOumQM97IOKtuo6qpCT0p6IHCJwnqDnwjZr54OohiqVzGtj5yzxZ2Nif2TAwx5bmEAidrBGbVl6g8t1YMbFwkIRjxB7McrnOjCahXFQFHnbvRG2XatYelxR0qjcrSF3OaB69jrbXFXszI=
lUXDBe5O3x4NK2CcvjpGA0p6IHCJwnqDnwjZr54OohiqVzGtj5y0xZ2Nif2TAwx5bmEAidrBGbVl6g8t1YMbFgkIRjxB7McrnOjCahXFQFHnbvRG2XatZOlxR0qjcrSF3OaB69jrbXFXszI=
0M4EPWlcuSsnQdLftDSRtEp6IHCJwnvYyhLOpIQfjxicQgTs+P/WjZGNwLvvExdoICMRhMD2CK5w6Vtv3KZPSj0LRjxB7McrnOjCahXFQFHnbvRG2XatYOhxR0qjcrSF3OaB69jrbXFXszI=
9kdku7J56Q29KQZ9tldRjEp6IHCJwnvYyhLOpIQfjxicQgTs+f/WjZGNwLvvExdoICMRhMD2CK5w6Vtu3KZPSj0LRjxB7McrnOjCahXFQFHnbvRG2XatZOhxR0qjcrSF3OaB69jrbXFXszI=
MD9XS6qmfX/UjTmDobJdwJKp9QgdN56StDFmkNm3y2CpH5HrmJBcYQIi69XEXy4eof48Dmdu0+6PrhxW0VZ1NnXx3hr7kryV9CYpm1AL1QFvswo=
VNXp+tappY/Hwzyvbw/uoZKp9QgdN56StDFmkNm3y2CpHpHrmJBcYQIi69XEXy4eof48Dmdu0+6PrhxW0VZ1M3Tx3hr7kryV9CYpm1AL1QFvswo=
rlBsTBjvF4hdUYwzkgL7oN3fEUthsDB1HzjOiCu93SgjQU1Czghlgd0cHrtGOQsNWg99f7XM2vOrwIK+2lqqyUEazq5NTgcbPBhjBBUfxqiY3sct4vWd/k7CW/4/FXTRnL5xOvbB5jZ7z/qDf0VNsyg=
smYTZCrdIKmcZA0E0q0PQt3fEUthsDB1HzjOiCu93SgjQU1Czghkgd0cHrtGOQsNWg99f7XM2vOrwIK+2lqqyUEbzq5NTgcbPBhjBBUfxqiY3sct4vWd/k7CW/4/EnLRkb1xOvbB5jZ7z/qDf0VNsyg=
IDJ6HsWrJfL6VuTRYXTtiZKp9QgdN56StDFmkNm3y2CpHZHrmJBcYQIi69XEXy4eof48Dmdu0+6PrhxW0VZ1MHfx0hn7kryV9CYpm1AL1QFvswo=
d3dRF1sqGnM4adCrSPbEhpKp9QgdN56StDFmkNm3y2CpHJHrmJBcYQIi69XEXy4eof48Dmdu0+6PrhxW0VZ1Onfx0hn7kryV9CYpm1AL1QFvswo=
iVr7bzwgVECP9X19Z/RTg5Kp9QgdN56StDFmkNm3y2CpG5HrmJBcYQIi69XEXy4eof48Dmdu0+6PrhxW0VZ1O3bx0hn7kryV9CYpm1AL1QFvswo=
DOWbQV0scESo2SprPwWeOd3fEUthsDB1HzjOiCu93SgjQU1Czghmgd0cHrtGOQsNWg59frXM2vOrwIK+2lqqyUEa1KhNUh8aPBhjBBUfxqiY3sct4vWd/k7CW/4/F3fRk71xOvbB5jZ7z/qDf0VNsyg=
G3xKmtt6O1VWhpTjtvG5T93fEUthsDB1HzjOiCu93SgjQU1Czghhgd0cHrtGOQsNWg59frXM2vOrwIK+2lqqyUEZ1KhNUh8aPBhjBBUfxqiY3sct4vWd/k7CW/4/HnfRk71xOvbB5jZ7z/qDf0VNsyg=
0ba15xMba5A/RbZaZzJ+I93fEUthsDB1HjjOiCu93SgjQU1Czghhgd0cHrtGOQsNWg59frXM2vOrwIK+2lqqyUEb1KhNUh8aPBhjBBUfxqiY3sct4vWd/k7CW/4/F3XRk71xOvbB5jZ7z/qDf0VNsyg=
+VNhAA0bk3axT5ooyVcRUJKp9QgdN56StDFmkNm3y2CpGpHrmJBcYQIi69XEXy4eof48Dmdu0+6PrhxW0VZ1MHTx0Bn7kryV9CYpm1AL1QFvswo=
p+gFPza9niB6/65DupqFKN3fEUthsDB1HjjOiCu93SgjQU1Czghggd0cHrtGOQsNWg59fbXM2vOrwIK+2lqqyUEe1KhNUh8aPBhjBBUfxqiY3sct4vWd/k7CW/4/EnXRkr1xOvbB5jZ7z/qDf0VNsyg=
px7iwOLDqZjwHzEq6pyNWN3fEUthsDF1HjjOiCu93SgjQU1Czghnm9scAqNHOQsNWg59f7XM2vOrwIK+2lqqyUEf1KhNUh8aPBhjBBUfxqiY3sct4vWd/k7CW/4/E3TRkr1xOvbB5jZ7z/qDf0VNsyg=
VUewdvCDiEZamoMyYWWxsN3fEUthsDB1HzjOiCu93SgjQU1Czghngd0cHrtGOQsNWg59fbXM2vOrwIK+2lqqyUEa1KhNUh8aPBhjBBUfxqiY3sct4vWd/k7CW/4/HnPRkr1xOvbB5jZ7z/qDf0VNsyg=
lOygmqrqrfx8pYnpPiRV/ZKp9QgdN56StDFmkNm3y2CpGZHrmJBcYQIi69XEXy4eof48Dmdu0+6PrhxW0VZ1MnXx3xn7kryV9CYpm1AL1QFvswo=
ZiOIJoAlsijNyBZmnQVT5N3fEUthsDB1HzjOiCu93SgjQU1Czghjgd0cHrtGOQsNWg59fbXM2vOrwIK+2lqqyUEZ1KhNUh8aPBhjBBUfxqiY3sct4vWd/k7CW/4/EHXRnb1xOvbB5jZ7z/qDf0VNsyg=
+kN0iXRkw5zTPt7RNKDUkpKp9QgdN56StDFmkNm3y2CpGJHrmJBcYQIi69XEXy4eof48Dmdu0+6PrhxW0VZ1NHbx3xn7kryV9CYpm1AL1QFvswo=
T1WCgV3frd8AyynSf7mGQN3fEUthsDB1HzjOiCu93SgjQU1Czghigd0cHrtGOQsNWg59fLXM2vOrwIK+2lqqyUEe1KhNUh8aPBhjBBUfxqiY3sct4vWd/k7CW/4/FHPRnb1xOvbB5jZ7z/qDf0VNsyg=
D/Iv4101lT/zBzl87tQt993fEUthsDF1HzjOiCu93SgjQU1Czghmm9scAqNHOQsNWg59frXM2vOrwIK+2lqqyUEY1KhNUh8aPBhjBBUfxqiY3sct4vWd/k7CW/4/EHLRnb1xOvbB5jZ7z/qDf0VNsyg=
GSAloDzh36kn65MLOY/f0N3fEUthsDF1HzjOiCu93SgjQU1Czghhm9scAqNHOQsNWg59frXM2vOrwIK+2lqqyUEc1KhNUh8aPBhjBBUfxqiY3sct4vWd/k7CW/4/FHfRnL1xOvbB5jZ7z/qDf0VNsyg=
ENMnrKkyz7ESNzNNmeS02N3fEUthsDF1HzjOiCu93SgjQU1Czghgm9scAqNHOQsNWg59frXM2vOrwIK+2lqqyUEd1KhNUh8aPBhjBBUfxqiY3sct4vWd/k7CW/4/HnfRnL1xOvbB5jZ7z/qDf0VNsyg=
SeT9C2danqdHKX589vcVxZqu3oKfs13H0kJYr6pEnIjK2h1tWvsh5EaF3HYKuEeVwd8KlGb5O0++oOGHR+gnfLMb
J2JV8VipDNbU7sRc3o6u/RtT9ahUO2vD/8Bx81jnAqGuuUU2sq4AYxroBARKVoXB6jd5CCZpxHo6lJ/ZAZPSONZ1o6PeTLlLd8Q/cLMX
tb+vOfXbbvdGBPqTnvzB8gdb6eFLLHrCsNcjpRbpDamvtQY9sq4AYxroBARKVoXB6jd5CCZpxHo6lJ/ZAZPSONZ1o6PeTLlLd8Q/cLMX
6CqpzbRF2xja1s50C3OF86+N4kKp0mR87pKiBWcXVsP+8i0+IQd5knOCDFfia+Qg0qqTEgAmMUqzqiMPWp6Wr3fuRKZpNp2G+XFWaFMyxCUsZhFLCCs9EWezAg==
09TmdEE+aTSYdK4WavQsiyZ42kOb+omlva/SZUsiy52JxwpiaPzTCqCCsluJNwff2vvCTDRtAtJo0ooEYX9ivcVu9iuQlAKOlulhYZZmPt8/JW7uTQUvPhNmswU=
+Xi+2w152esXoZ/2qoJndSZ42kOb+oqlva/SZUsiy52JxwpiaPzTCqCCsluJNwff2vvCTDRtAtJo0ooEYX9ivcVu9iuQlAKOl+xhaJFmPt8/JW7uTQUvPhNmswU=
dwcv2Gs6Zz4IpCwhBx+aFBjah7AqUlmmrXflOgdCOD/+W+g45spHKkz2jSInKrfn5s5alyMOcL5lBoFiyTGrx8/CSL3YxkWzRHvBOXOzFg==
FxeZtS9AkXw7TMy01U4FCpxP3WdBjn0BuLUNDSWH0NvAQkkHAIWmhcMxhOaqu0QzMoykGmVeVv73BvVqZUOcRsDjgd4yir9uu2bbEXmDdSrSCVpW50ceMzsdYbME
9c1UNlgQKiDt9GWFT3NzvbLEch78735a3VPKSKqJX0zxGUEAGd6jlqUuT0hZEZevnFS1h5IBXfFPjXYVcsawm7qw1CxKflWZSs/JYOZBtELazM8wgfIF4LZNU4uepAkz1xxvWLM/
FXPwzUOBWJDnuj+avAbSPVo47Mk0EPX7WIJ8dzIrNIBCKiOy8GYBqqOqM29qXuYPx27UBjn2zacPcW+PA/IURbzmYau4a80xd7MS
CZH6DW5JVBXyrma59NdLypxP3GdBjn0BuLUNDSWH0NvAQkkHAIWmhcMxhOaqu0QzMoykGmVeVv73BvVqZUOcRsDjgd4yir9uu2vZEXmDdSrSCVpW50ceMzsdYbME
EG88qI88sCi8OM2/8F/63kpkJH2bwH6ZnVKJ9N5L+lzeDXPi+JK3nczZk/mlUQdpL3EEhZSQVbt4ghw30qtUQGIqA3JQ5uFqw6rTLwreRk/nbvRG2Xata+5xT0+jcrSF3OaB69jrbXFXszI=
ZQTKL5Jzl/INuFZqhYM8Tlo47Mk0EPX7WIJ8dzIrNIBCKiOy8GYBqqOqM29qXuYPx27UBjn2zaMJcW+PA/IURbzmYau4a80xd7MS
wXmvHWJQQHUZN4Q/u9lJ5JxP32dBjn0BuLUNDSWH0NvAQkkHAIWmhcMxhOaqu0QzMoykGmVeVv73BvVqZUOcRsDjgd4yir9uu2/fEXmDdSrSCVpW50ceMzsdYbME
Qx8rSelQ4QSdNgQAIaSpqUpkJH2bwH6ZnVKJ9N5L+lzeDXPi+JK0nczZk/mlUQdpL3EEhZSQVbt4ghw30qtUQGIqA3JQ5uFqw6rTLwreRk/nbvRG2XatZ+hxT0+jcrSF3OaB69jrbXFXszI=
PPxFYUNGUR7wfXcosGKeeJqu3oKfs13H0kJYr6pEnIjJ2h1tWvsh5EaF3HYKuEaXwdcNlGb5O0++oOGHR+gnfLMb
a9C3R1AZiX+0lOnwkzRLWBtT9ahUO2vD/8Bx81jnAqGuuUU2sq4AYxroBARJVoXB6jd5CCZpxHo6lJ7bAZvVONZ1o6PeTLlLd8Q/cLMX
Au3EhsBn5xyUkI90si0U6Adb6eFLLHrCsNcjpRbpDamvtQY9sq4AYxroBARJVoXB6jd5CCZpxHo6lJ7bAZvVONZ1o6PeTLlLd8Q/cLMX
cXyvX76jozQ6c54ij73pKiZ42kOb+omlva/SZUsiy52JxwpiaPzTCqCCsluJNwff2vvCTDRtAtJo0okEYX9ivcVu9iuQlAKOke5haZFmPt8/JW7uTQUvPhNmswU=
hlwKxDKF9aK946KMfdgsXCZ42kOb+oulva/SZUsiy52JxwpiaPzTCqCCsluJNwff2vvCTDRtAtJo0okEYX9ivcVu9iuQlAKOkO9haZFmPt8/JW7uTQUvPhNmswU=
0fEaXgvdUjflvZ/oZE1U6iZ42kOb+oylva/SZUsiy52JxwpiaPzTCqCCsluJNwff2vvCTDRtAtJo0okEYX9ivcVu9iuQlAKOlO9haZFmPt8/JW7uTQUvPhNmswU=
+mRVgmh6nboyLtH9fGXaUBjah7AqUlmmrXflOgdCOD/+W+g45spHKkz2jSInKbfn5s5alyMOcL5lBoFsyjGqx8/CSL3YxkWzRHvBOXOzFg==
0zuZeOzlzlPRWjvGtik3PJxP3WdBjn0BuLUNDSWH0NvAQkkHAIWmhcMxhOaqu0QzMoykGmVeVv73BvVpZUOcRsDjgd4yir9uu2jYEXiDdSrSCVpW50ceMzsdYbME
b7iFU0uB0N0COu6TlPqT1NPSxrPDZnjp7ItjtmL4r53BFmIazRlOWRF939mdnZ3hdjEOeO/fGiL+02jDDvSQ+rEGCi4broHpkevwFhw71b4GcoMel48KUSwrmZqusa72sx/C4xd1VbMw
AU2OsE98Ga1bUdxXuM5cxFo47Mk0EPX7WIJ8dzIrNIBCKiOy8GYBqqOpM29qXuYPx27UBjn2zaUNcW2PA/IURbzmYau4a80xd7MS
bi1aZwYrjZrLaYTtfNIxrZxP3GdBjn0BuLUNDSWH0NvAQkkHAIWmhcMxhOaqu0QzMoykGmVeVv73BvVpZUOcRsDjgd4yir9uu2nbEXuDdSrSCVpW50ceMzsdYbME
9+sNnA3vTXqOmAzrH8UwR9PSxrPDZnjp7ItjtmL4rJ3BFmIayBlOWRF939mdnZ3hdjEOeO/fGiL+02jDDvSQ+rEGCi4broHpkevwFhw71b4GcoMel4QOUS8rmZqusa72sx/C4xd1VbMw
M+/fIyDiSVMVX9Jny8b4u1o47Mk0EPX7WIJ8dzIrNIBCKiOy8GYBqqOpM29qXuYPx27UBjn2zaYMcW2PA/IURbzmYau4a80xd7MS
XpnhMzBl+i++ZJ97tM8GVZxP32dBjn0BuLUNDSWH0NvAQkkHAIWmhcMxhOaqu0QzMoykGmVeVv73BvVpZUOcRsDjgd4yir9uu2raEXuDdSrSCVpW50ceMzsdYbME
wNbFc4gdYhf0cymtgO5KetPSxrPDZnjp7ItjtmL4rJ3BFmIazxlOWRF939mdnZ3hdjEOeO/fGiL+02jDDvSQ+rEGCi4broHpkevwFhw71b4GcoMel4cNUS8rmZqusa72sx/C4xd1VbMw
tAxryjtwF6AwuGIr5eSwhFo47Mk0EPX7WIJ8dzIrNIBCKiOy8GYBqqOpM29qXuYPx27UBjn2zaoOcW2PA/IURbzmYau4a80xd7MS
tESfF54ncluNDJtLDl0VW5xP32dBjn0BuLUNDSWH0NvAQkkHAIWmhcMxhOaqu0QzMoykGmVeVv73BvVpZUOcRsDjgd4yir9uu2bYEXuDdSrSCVpW50ceMzsdYbME
QmGN27CIv+1AZpGAqrIRf1fu11NzW8uu+XpYS4xQXbPStbV132m+YVIyuP9qdLyYyco9XZqrwZTGNXymSkgkgsHE7eSmqZv/PlCBVwfYB2yzCw==
bvVahYTS0SDKfH2B9ASW5lo47Mk0EPX7WIJ8dzIrNIBCKiOy8GYBqqOpM29qXuYPx27UBjn2zaEJcW2PA/IURbzmYau4a80xd7MS
F9/MPAP93zO/yEKbP0hfupxP3GdBjn0BuLUNDSWH0NvAQkkHAIWmhcMxhOaqu0QzMoykGmVeVv73BvVpZUOcRsDjgd4yir9uu23fEXuDdSrSCVpW50ceMzsdYbME
EgBoM8yff3NgwskPUZ60YFfu11NzW8uu+XpYS4xQXbPStbV132m+YVIyuP9qdLyYyco9XZqrwZTGNXymSkgmgsHE7eSmqZv/PlCBVwfYB2yzCw==
ycasQf1OnDj06CrZL2MZklo47Mk0EPX7WIJ8dzIrNIBCKiOy8GYBqqOpM29qXuYPx27UBjn2zacJcW2PA/IURbzmYau4a80xd7MS
+HEvpABq25wDCskSQi3Hn5xP3WdBjn0BuLUNDSWH0NvAQkkHAIWmhcMxhOaqu0QzMoykGmVeVv73BvVpZUOcRsDjgd4yir9uu2vfEXuDdSrSCVpW50ceMzsdYbME
1JUYnhYkxFXPpG9B/6y2pFfu11NzW8uu+XpYS4xQXbPStbV132m+YVIyuP9qdLyYyco9XZqrwZTGNXymSkgggsHE7eSmqZv/PlCBVwfYB2yzCw==
B8LBDSIrxr8/QgbIuSlQllo47Mk0EPX7WIJ8dzIrNIBCKiOy8GYBqqOqM29qXuYPx27UBjn2zaoJcW2PA/IURbzmYau4a80xd7MS
MUVFMECOjqh5s3Q+zHxHe5xP3WdBjn0BuLUNDSWH0NvAQkkHAIWmhcMxhOaqu0QzMoykGmVeVv73BvVqZUOcRsDjgd4yir9uu2bfEXuDdSrSCVpW50ceMzsdYbME
i2ANwl/D/M9f7cYIPYr5MFfu11NzW8uu+XpYS4xQXbPStbV132m+YVIyuP9qdLyYyso9XZqrwZTGNXymSkgkg8HE7eSmqZv/PlCBVwfYB2yzCw==
FaStcujcxQmdRo7seOiZQlo47Mk0EPX7WIJ8dzIrNIBCKiOy8GYBqqOqM29qXuYPx27UBjn2zaEIcW2PA/IURbzmYau4a80xd7MS
NXZ7DGvo8W7t1hICTld375xP3GdBjn0BuLUNDSWH0NvAQkkHAIWmhcMxhOaqu0QzMoykGmVeVv73BvVqZUOcRsDjgd4yir9uu23eEXuDdSrSCVpW50ceMzsdYbME
I2Moh246CE5P8pHB+Fx+ZFfu11NzW8uu+XpYS4xQXbPStbV132m+YVIyuP9qdLyYyso9XZqrwZTGNXymSkgmg8HE7eSmqZv/PlCBVwfYB2yzCw==
A4S5cbWA4N9c05UMNMnm2lo47Mk0EPX7WIJ8dzIrNIBCKiOy8GYBqqOqM29qXuYPx27UBjn2zacIcW2PA/IURbzmYau4a80xd7MS
oka46tqckvVx/gFC3mY/gpxP32dBjn0BuLUNDSWH0NvAQkkHAIWmhcMxhOaqu0QzMoykGmVeVv73BvVqZUOcRsDjgd4yir9uu2veEXuDdSrSCVpW50ceMzsdYbME
rykTlGF8A3kpZNqBSADrw1fu11NzW8uu+XpYS4xQXbPStbV132m+YVIyuP9qdLyYyso9XZqrwZTGNXymSkgjg8HE7eSmqZv/PlCBVwfYB2yzCw==
4rtS0pOq86kycog1AbMp9Zqu3oKfs13H0kJYr6pEnIjL2h1tWvsh5EaF3HYKuEaXwdUNlGb5O0++oOGHR+gnfLMb
2BPup+TfD2edRPKCALavzBtT9ahUO2vD/8Bx81jnAqGuuUU2sq4AYxroBARLVoXB6jd5CCZpxHo6lJ7bAZnVONZ1o6PeTLlLd8Q/cLMX
BJNs00TpxFVPXYC3MA1WNgdb6eFLLHrCsNcjpRbpDamvtQY9sq4AYxroBARLVoXB6jd5CCZpxHo6lJ7bAZnVONZ1o6PeTLlLd8Q/cLMX
kvrMvJjA2Oh5IgSZZUHVEa+N4kKp0mR/7pKiBWcXVsP+8i0+IQd5knOCDFfia+Qg0qqTEgAmMUqzqyMPWp6Wr3fuRKZpNp2K/HFcb1MyxCUsZhFLCCs9EWezAg==
x33Y53aTKD0i54VY1cqSdiZ42kOb+o2lva/SZUsiy52JxwpiaPzTCqCCsluJNwff2vvCTDRtAtJo0osEYX9ivcVu9iuQlAKOku5ha5FmPt8/JW7uTQUvPhNmswU=
OGr758sfSfesfA9bWb5qohjah7AqUlmmrXflOgdCOD/+W+g45spHKkz2jSInK7fn5s5alyMOcL5lBoFuyzGox8/CSL3YxkWzRHvBOXOzFg==
qvqfQWpJ8u6853TY+sqqZZxP3WdBjn0BuLUNDSWH0NvAQkkHAIWmhcMxhOaqu0QzMoykGmVeVv73BvVrZUOcRsDjgd4yir9uu2rZEXqDdSrSCVpW50ceMzsdYbME
si8R4q7qxzr6Xionk26rRVfu11NzW8uu+XpYS4xQXbPStbV132m+YVIyuP9qdLyYy8o9XZqrwZTGNXymSkglhcHF7eSmqZv/PlCBVwfYB2yzCw==
Uj0J2a4/w+iRhXZ/bOvUEN74HE0f/zLsVM4ae+vCaYPNhZlcJwgtpPO+yYMDAWTu2SEy4/mP52eqQwJ0RFXi6hjqizwRR4KFtVY2k+As4jbkV+HT4d7eZ0+drtY9Pc8GY16zPQ==
uADY7ekJS3g8zMubC0BP+1o47Mk0EPX7WIJ8dzIrNIBCKiOy8GYBqqOrM29qXuYPx27UBjn2zaQOcWyPA/IURbzmYau4a80xd7MS
rjXo+l+maKhjKV8P7tXj05xP3GdBjn0BuLUNDSWH0NvAQkkHAIWmhcMxhOaqu0QzMoykGmVeVv73BvVrZUOcRsDjgd4yir9uu2jYEXqDdSrSCVpW50ceMzsdYbME
rAO5wTScDn0bsqYIZce+Ylfu11NzW8uu+XpYS4xQXbPStbV132m+YVIyuP9qdLyYy8o9XZqrwZTGNXymSkglgsHF7eSmqZv/PlCBVwfYB2yzCw==
e0a0ETU4UtTqPXA+vePfb9PSxrPDZnjp7ItjtmL4rJ3BFmIayRlOWRF939mdnZ3hdjEOeO/fGiL+02jDDvSQ+rEGCi4broHrkevwFhw71b4GcoMel4ILUS4rmZqusa72sx/C4xd1VbMw
9FI4S0Ddg5wakgE0/f+5lZqu3oKfs13H0kJYr6pEnIjO2h1tWvsh5EaF3HYKuEKVwdINlGb5O0++oOGHR+gnfLMb
C6shMD2z7CAhn+BUBva4ABtT9ahUO2vD/8Bx81jnAqGuuUU2sq4AYxroBAROVoXB6jd5CCZpxHo6lJrZAZ7VONZ1o6PeTLlLd8Q/cLMX
F5tMAKUfg5jecXzG1t+aZwdb6eFLLHrCsNcjpRbpDamvtQY9sq4AYxroBAROVoXB6jd5CCZpxHo6lJrZAZ7VONZ1o6PeTLlLd8Q/cLMX
4F6pn45UsHD+0QrkFC4VcSZ42kOb+oylva/SZUsiy52JxwpiaPzTCqCCsluJNwff2vvCTDRtAtJo0o4EYX9ivcVu9iuQlAKOluhhbJFmPt8/JW7uTQUvPhNmswU=
4mR9r9jor0birBQI2YQdNSZ42kOb+o2lva/SZUsiy52JxwpiaPzTCqCCsluJNwff2vvCTDRtAtJo0o4EYX9ivcVu9iuQlAKOlulhbJFmPt8/JW7uTQUvPhNmswU=
NkV9GnwzQdSbOtEsXXn07iZ42kOb+o6lva/SZUsiy52JxwpiaPzTCqCCsluJNwff2vvCTDRtAtJo0o4EYX9ivcVu9iuQlAKOkOxhbZFmPt8/JW7uTQUvPhNmswU=
lvAMa9+jUThIxPbK68WK3yZ42kOb+o+lva/SZUsiy52JxwpiaPzTCqCCsluJNwff2vvCTDRtAtJo0o4EYX9ivcVu9iuQlAKOlOxhbZFmPt8/JW7uTQUvPhNmswU=
giYbbvDX5G8RmPjDSMiVVRjah7AqUlmmrXflOgdCOD/+W+g45spHKkz2jSInLrfn5s5alyMOcL5lBoFtyTGux8/CSL3YxkWzRHvBOXOzFg==
/yXPdulNa4CDozmPo0RvsZxP3WdBjn0BuLUNDSWH0NvAQkkHAIWmhcMxhOaqu0QzMoykGmVeVv73BvVuZUOcRsDjgd4yir9uu2nbEXyDdSrSCVpW50ceMzsdYbME
LSikEZHZ/DFq0jBiVCO+F9PSxrPDZnjp7ItjtmL4r53BFmIayBlOWRF939mdnZ3hdjEOeO/fGiL+02jDDvSQ+rEGCi4broHukevwFhw71b4GcoMel4EOUSgrmZqusa72sx/C4xd1VbMw
G+/ULojldCunR2rE/GOmclo47Mk0EPX7WIJ8dzIrNIBCKiOy8GYBqqOuM29qXuYPx27UBjn2zaQMcWqPA/IURbzmYau4a80xd7MS
Pklnq2IEgDjjM1yPx6QQHpxP3GdBjn0BuLUNDSWH0NvAQkkHAIWmhcMxhOaqu0QzMoykGmVeVv73BvVuZUOcRsDjgd4yir9uu2jaEXyDdSrSCVpW50ceMzsdYbME
lXJthvwWUYf7DbeugkFwTtPSxrPDZnjp7ItjtmL4r53BFmIayRlOWRF939mdnZ3hdjEOeO/fGiL+02jDDvSQ+rEGCi4broHukevwFhw71b4GcoMel4ANUSgrmZqusa72sx/C4xd1VbMw
39n/MKRQPg/kMGzA43o+Ylo47Mk0EPX7WIJ8dzIrNIBCKiOy8GYBqqOuM29qXuYPx27UBjn2zaUOcWqPA/IURbzmYau4a80xd7MS
A2Edonv8a3OKqgy5orH9JJxP32dBjn0BuLUNDSWH0NvAQkkHAIWmhcMxhOaqu0QzMoykGmVeVv73BvVuZUOcRsDjgd4yir9uu2nYEXyDdSrSCVpW50ceMzsdYbME
vBAEOUm/2jxjHEMo4wjaM9PSxrPDZnjp7ItjtmL4r53BFmIayhlOWRF939mdnZ3hdjEOeO/fGiL+02jDDvSQ+rEGCi4broHukevwFhw71b4GcoMel4ULUSgrmZqusa72sx/C4xd1VbMw
ky6tdhC3pe/lX44moPBqrdPSxrPDZnjp7ItjtmL4rJ3BFmIayhlOWRF939mdnZ3hdjEOeO/fGiL+02jDDvSQ+rEGCi4broHukevwFhw71b4GcoMel4IKUSgrmZqusa72sx/C4xd1VbMw
XRWvKNQHcm3rNpwIkzmnF1o47Mk0EPX7WIJ8dzIrNIBCKiOy8GYBqqOuM29qXuYPx27UBjn2zaYIcWqPA/IURbzmYau4a80xd7MS
Zi2jx3r5Hz2G6M5AXsnIMpxP3mdBjn0BuLUNDSWH0NvAQkkHAIWmhcMxhOaqu0QzMoykGmVeVv73BvVuZUOcRsDjgd4yir9uu2reEXyDdSrSCVpW50ceMzsdYbME
eDLhxujMp7WO+Sy8iboQ9dPSxrPDZnjp7ItjtmL4rJ3BFmIayxlOWRF939mdnZ3hdjEOeO/fGiL+02jDDvSQ+rEGCi4broHukevwFhw71b4GcoMel4YPUSsrmZqusa72sx/C4xd1VbMw
1dSMT5xicJ1APzHO7M8v2Vfu11NzW8uu+XpYS4xQXbPStbV132m+YVIyuP9qdLyYzso9XZqrwZTGNXymSkgmhsHA7eSmqZv/PlCBVwfYB2yzCw==
ZjxwyLMT8hDoO1NNT3fLdlo47Mk0EPX7WIJ8dzIrNIBCKiOy8GYBqqOuM29qXuYPx27UBjn2zacNcWmPA/IURbzmYau4a80xd7MS
B02shr272s8ZkbAZ5xLV25xP32dBjn0BuLUNDSWH0NvAQkkHAIWmhcMxhOaqu0QzMoykGmVeVv73BvVuZUOcRsDjgd4yir9uu2vbEX+DdSrSCVpW50ceMzsdYbME
ekMa1jhTDwfNvMBlyLgualfu11NzW8uu+XpYS4xQXbPStbV132m+YVIyuP9qdLyYzso9XZqrwZTGNXymSkgghsHA7eSmqZv/PlCBVwfYB2yzCw==
UliqjLZ/y/AZ1d0R943Balo47Mk0EPX7WIJ8dzIrNIBCKiOy8GYBqqOuM29qXuYPx27UBjn2zaUNcWmPA/IURbzmYau4a80xd7MS
JVctfd/yC/+82FqPQdi7wJxP3GdBjn0BuLUNDSWH0NvAQkkHAIWmhcMxhOaqu0QzMoykGmVeVv73BvVuZUOcRsDjgd4yir9uu2nbEX+DdSrSCVpW50ceMzsdYbME
jt7SH86rmEvzp/Bvv1GQkFfu11NzW8uu+XpYS4xQXbPStbV132m+YVIyuP9qdLyYzso9XZqrwZTGNXymSkgihsHA7eSmqZv/PlCBVwfYB2yzCw==
ishYJM/Z1RIzknUfUgUAjVo47Mk0EPX7WIJ8dzIrNIBCKiOy8GYBqqOuM29qXuYPx27UBjn2zasNcWmPA/IURbzmYau4a80xd7MS
NBFdyWQrZ8uZi37WXo+Mw5xP3WdBjn0BuLUNDSWH0NvAQkkHAIWmhcMxhOaqu0QzMoykGmVeVv73BvVuZUOcRsDjgd4yir9uu2fbEX+DdSrSCVpW50ceMzsdYbME
OPKfcr714MTyWnbQPtv5FVfu11NzW8uu+XpYS4xQXbPStbV132m+YVIyuP9qdLyYzso9XZqrwZTGNXymSkgshsHA7eSmqZv/PlCBVwfYB2yzCw==
M0RLgYcxK1yDxZAj0xIO2Jqu3oKfs13H0kJYr6pEnIjP2h1tWvsh5EaF3HYKuEKUwdANlGb5O0++oOGHR+gnfLMb
1JtOLgajM8mzvbu7mBrnFRtT9ahUO2vD/8Bx81jnAqGuuUU2sq4AYxroBARPVoXB6jd5CCZpxHo6lJrYAZzVONZ1o6PeTLlLd8Q/cLMX
ueD3iF+2+sEQdsWlQJML4gdb6eFLLHrCsNcjpRbpDamvtQY9sq4AYxroBARPVoXB6jd5CCZpxHo6lJrYAZzVONZ1o6PeTLlLd8Q/cLMX
1+nrrK537I/MAgGPRIiCgK+N4kKp0mR+7pKiBWcXVsP+8i0+IQd5knOCDFfia+Qg0qqTEgAmMUqzryMPWp6Wr3fuRKZpNp2A/nFZb1MyxCUsZhFLCCs9EWezAg==
3RLKXyGiy7XUEDy++80DOCZ42kOb+o6lva/SZUsiy52JxwpiaPzTCqCCsluJNwff2vvCTDRtAtJo0o8EYX9ivcVu9iuQlAKOl+9hbpFmPt8/JW7uTQUvPhNmswU=
BFLN/olm9HzA39WYkFs13Rjah7AqUlmmrXflOgdCOD/+W+g45spHKkz2jSInL7fn5s5alyMOcL5lBoFvzTGtx8/CSL3YxkWzRHvBOXOzFg==
GN3l/MLkJmE1oN8uE8oR5pxP3WdBjn0BuLUNDSWH0NvAQkkHAIWmhcMxhOaqu0QzMoykGmVeVv73BvVvZUOcRsDjgd4yir9uu2vfEX+DdSrSCVpW50ceMzsdYbME
mAeP1+YKkdSqX3k3iLZdslfu11NzW8uu+XpYS4xQXbPStbV132m+YVIyuP9qdLyYz8o9XZqrwZTGNXymSkgggsHA7eSmqZv/PlCBVwfYB2yzCw==
b8R5ALn3Vojlfvigw4VMn974HE0f/zLsVM4ae+vCaYPNhJlcJwgtpPO+yYMDAWTu2SEy4/mP52eqQwJ0RFXi6hjqjzwRR4KFtVY2k+As4jbgUeHW4d7eZ0+drtY9Pc8GY16zPQ==
qqUdM4y3p50YvBukpHEpDLLEch78735a3VPKSKqJX0zxGUECGd6jlqUuT0hZEZevnFS1h5IBXfFPjXYVcsawm7qw1CxPflWZSs/JYOZBtELazMU3gfQF4LZNU4uepAkz1xxvWLM/
iqVKtprMpN+E7L7qEmrxgFo47Mk0EPX7WIJ8dzIrNIBCKiOy8GYBqqOvM29qXuYPx27UBjn2zaoIcWmPA/IURbzmYau4a80xd7MS
1NRtocODjfVQS7e1ymt9bJxP3GdBjn0BuLUNDSWH0NvAQkkHAIWmhcMxhOaqu0QzMoykGmVeVv73BvVvZUOcRsDjgd4yir9uu2beEX+DdSrSCVpW50ceMzsdYbME
gxs7qf59QVWE2oFl0TaxzVfu11NzW8uu+XpYS4xQXbPStbV132m+YVIyuP9qdLyYz8o9XZqrwZTGNXymSkgnhsHB7eSmqZv/PlCBVwfYB2yzCw==
YbF3t8CtHZjpV6UveXamrdPSxrPDZnjp7ItjtmL4rJ3BFmIayhlOWRF939mdnZ3hdjEOeO/fGiL+02jDDvSQ+rEGCi4broHvkevwFhw71b4GcoMel4IOUSormZqusa72sx/C4xd1VbMw
OQuIismUPPj0m96uzOfUgtPSxrPDZnjp7ItjtmL4r53BFmIayhlOWRF939mdnZ3hdjEOeO/fGiL+02jDDvSQ+rEGCi4broHvkevwFhw71b4GcoMel4YNUSormZqusa72sx/C4xd1VbMw
BF1F/A24G6Rhj8/zaNqqNZqu3oKfs13H0kJYr6pEnIjI2h1tWvsh5EaF3HYKuEyVwdENlGb5O0++oOGHR+gnfLMb
MmBxlZ8wmg7yVVZfdlci7xtT9ahUO2vD/8Bx81jnAqGuuUU2sq4AYxroBARIVoXB6jd5CCZpxHo6lJTZAZ3VONZ1o6PeTLlLd8Q/cLMX
Ompgx0aPlf9fabMQBf+VjQdb6eFLLHrCsNcjpRbpDamvtQY9sq4AYxroBARIVoXB6jd5CCZpxHo6lJTZAZ3VONZ1o6PeTLlLd8Q/cLMX
5Px4WI/6d9H4RorEH1dDKSZ42kOb+oqlva/SZUsiy52JxwpiaPzTCqCCsluJNwff2vvCTDRtAtJo0ogEYX9ivcVu9iuQlAKOlehhb5FmPt8/JW7uTQUvPhNmswU=
AQLR60genipJrbS77QKWT6+N4kKp0mR57pKiBWcXVsP+8i0+IQd5knOCDFfia+Qg0qqTEgAmMUqzqCMPWp6Wr3fuRKZpNp2L+XFYb1MyxCUsZhFLCCs9EWezAg==
kqccZ/VVJTykpmqnqQp6jhjah7AqUlmmrXflOgdCOD/+W+g45spHKkz2jSInKLfn5s5alyMOcL5lBoFizTGsx8/CSL3YxkWzRHvBOXOzFg==
IFJG2pWY38P/QHjFP3/8kJxP3WdBjn0BuLUNDSWH0NvAQkkHAIWmhcMxhOaqu0QzMoykGmVeVv73BvVoZUOcRsDjgd4yir9uu2bfEX6DdSrSCVpW50ceMzsdYbME
XZ5qw5ltojQFQEmGUMNOLNPSxrPDZnjp7ItjtmL4r53BFmIazhlOWRF939mdnZ3hdjEOeO/fGiL+02jDDvSQ+rEGCi4broHokevwFhw71b4GcoMel48KUSormZqusa72sx/C4xd1VbMw
hqwrHNS/ee/hZCTY3doLc1o47Mk0EPX7WIJ8dzIrNIBCKiOy8GYBqqOoM29qXuYPx27UBjn2zaINcWePA/IURbzmYau4a80xd7MS
oeydIY+SeY9Oh9s50d6OUZxP3GdBjn0BuLUNDSWH0NvAQkkHAIWmhcMxhOaqu0QzMoykGmVeVv73BvVoZUOcRsDjgd4yir9uu27bEXGDdSrSCVpW50ceMzsdYbME
0MS3/MOVtGA3TKAU48GWnFfu11NzW8uu+XpYS4xQXbPStbV132m+YVIyuP9qdLyYyMo9XZqrwZTGNXymSkgmhsHO7eSmqZv/PlCBVwfYB2yzCw==
RCGyyQqSPyr5M1ObmTAXkd74HE0f/zLsVM4Ze+vCaYPNg5lcJwgtpPO+yYMDAWTu2SEy4/mP52eqQwJ0RFXi6hjqiDwRR4KFtVY2k+As4jbkVeHY4d7eZ0+drtY9Pc8GY16zPQ==
kuTNKclsiaOEjn4jgG9pbLLEch78735a3VPKSKqJX0zxGUEFGd6jlqUuT0hZEZevnFS1h5IBXfFPjXYVcsawm7qw1CxIflWZSs/JYOZBtELazM4wgfoF4LZNU4uepAkz1xxvWLM/
5OjuVNdsT3PVl3DPb5R8DVo47Mk0EPX7WIJ8dzIrNIBCKiOy8GYBqqOoM29qXuYPx27UBjn2zaAPcWePA/IURbzmYau4a80xd7MS
lmuNmo5CyM4t0kONIqN0x5xP3WdBjn0BuLUNDSWH0NvAQkkHAIWmhcMxhOaqu0QzMoykGmVeVv73BvVoZUOcRsDjgd4yir9uu2zZEXGDdSrSCVpW50ceMzsdYbME
TvnJdsdtgopKGVo8Nqo89Vfu11NzW8uu+XpYS4xQXbPStbV132m+YVIyuP9qdLyYyMo9XZqrwZTGNXymSkghhMHO7eSmqZv/PlCBVwfYB2yzCw==
/Yk0bo8Uk3wKoCY0NhbIaZqu3oKfs13H0kJYr6pEnIjM2h1tWvsh5EaF3HYKuEWVwd4NlGb5O0++oOGHR+gnfLMb
RAXmOc+BGCtFf32hpAU7hRtT9ahUO2vD/8Bx81jnAqGuuUU2sq4AYxroBARMVoXB6jd5CCZpxHo6lJ3ZAZLVONZ1o6PeTLlLd8Q/cLMX
XXjXivvzWw9IPehaoDkiRQdb6eFLLHrCsNcjpRbpDamvtQY9sq4AYxroBARMVoXB6jd5CCZpxHo6lJ3ZAZLVONZ1o6PeTLlLd8Q/cLMX
SMBczzgENOjjTxFwIjKR66+N4kKp0mR47pKiBWcXVsP+8i0+IQd5knOCDFfia+Qg0qqTEgAmMUqzrCMPWp6Wr3fuRKZpNp2L/nFXb1MyxCUsZhFLCCs9EWezAg==
kG+x/mgXpDu5NCd4hmg+AiZ42kOb+oulva/SZUsiy52JxwpiaPzTCqCCsluJNwff2vvCTDRtAtJo0owEYX9ivcVu9iuQlAKOlehhYJFmPt8/JW7uTQUvPhNmswU=
KJdxQzfULvLsqLQl+9Luuxjah7AqUlmmrXflOgdCOD/+W+g45spHKkz2jSInLLfn5s5alyMOcL5lBoFqzDGjx8/CSL3YxkWzRHvBOXOzFg==
KBoy9GMEN91rtmcYK80SvpxP3WdBjn0BuLUNDSWH0NvAQkkHAIWmhcMxhOaqu0QzMoykGmVeVv73BvVsZUOcRsDjgd4yir9uu27eEXGDdSrSCVpW50ceMzsdYbME
HxS6mOEmR08Mw16pCnPDaVfu11NzW8uu+XpYS4xQXbPStbV132m+YVIyuP9qdLyYzMo9XZqrwZTGNXymSkgng8HO7eSmqZv/PlCBVwfYB2yzCw==
/ee3SgxOccA0/ZGg1uhk+dPSxrPDZnjp7ItjtmL4r53BFmIazxlOWRF939mdnZ3hdjEOeO/fGiL+02jDDvSQ+rEGCi4broHskevwFhw71b4GcoMel4EKUSUrmZqusa72sx/C4xd1VbMw
tnlaKiH5jddIqXSLiSHkVFo47Mk0EPX7WIJ8dzIrNIBCKiOy8GYBqqOsM29qXuYPx27UBjn2zaQIcWePA/IURbzmYau4a80xd7MS
iy86waRK8XDSaAoI2hlPxpxP3GdBjn0BuLUNDSWH0NvAQkkHAIWmhcMxhOaqu0QzMoykGmVeVv73BvVsZUOcRsDjgd4yir9uu2jeEXGDdSrSCVpW50ceMzsdYbME
JtRrbR/a6bcG95P6XKKlI7LEch78735a3VPKSKqJX0zxGUEEGd6jlqUuT0hZEZevnFS1h5IBXfFPjXYVcsawm7qw1CxMflWZSs/JYOZBtELazMQygfsF4LZNU4uepAkz1xxvWLM/
8tYHzYK0zZOjJyWRk9nRPlfu11NzW8uu+XpYS4xQXbPStbV132m+YVIyuP9qdLyYzMo9XZqrwZTGNXymSkgkh8HP7eSmqZv/PlCBVwfYB2yzCw==
8Fn4T6HJc5anuy3h834VRVo47Mk0EPX7WIJ8dzIrNIBCKiOy8GYBqqOsM29qXuYPx27UBjn2zaEMcWaPA/IURbzmYau4a80xd7MS
F22ltb+xCe5F3VItStScnZxP3WdBjn0BuLUNDSWH0NvAQkkHAIWmhcMxhOaqu0QzMoykGmVeVv73BvVsZUOcRsDjgd4yir9uu23aEXCDdSrSCVpW50ceMzsdYbME
u5oKDnKz2FtPxGNXK7ObBZqu3oKfs13H0kJYr6pEnIjN2h1tWvsh5EaF3HYKuEOUwd8NlGb5O0++oOGHR+gnfLMb
Ochg3nNnTsMDxDcbM6bsWBtT9ahUO2vD/8Bx81jnAqGuuUU2sq4AYxroBARNVoXB6jd5CCZpxHo6lJvYAZPVONZ1o6PeTLlLd8Q/cLMX
JtVQC0MeQ36aM7lWWAeJk5xP3GdBjn0BuLUNDSWH0NvAQkkHAIWmhcMxhOaqu0QzMoykGmVeVv73BvVtZUOcRsDjgd4yir9uu2nZEXCDdSrSCVpW50ceMzsdYbME
+j9ePZaNzV40wII7OYGooFo47Mk0EPX7WIJ8dzIrNIBCKiOy8GYBqqOtM29qXuYPx27UBjn2zaIOcWaPA/IURbzmYau4a80xd7MS
scYk7IjVz2vHPbSI8GpTnpxP3GdBjn0BuLUNDSWH0NvAQkkHAIWmhcMxhOaqu0QzMoykGmVeVv73BvVtZUOcRsDjgd4yir9uu27YEXCDdSrSCVpW50ceMzsdYbME
ue38kFx+omlsbjo+iANOf7LEch78735a3VPKSKqJX0zxGUEHGd6jlqUuT0hZEZevnFS1h5IBXfFPjXYVcsawm7qw1CxNflWZSs/JYOZBtELazMgxgfsF4LZNU4uepAkz1xxvWLM/
ixg0o5HsK5NCUKvn/gDVNlfu11NzW8uu+XpYS4xQXbPStbV132m+YVIyuP9qdLyYzco9XZqrwZTGNXymSkgihcHP7eSmqZv/PlCBVwfYB2yzCw==
McljM8j9tT4QyLxpJf+p2Vo47Mk0EPX7WIJ8dzIrNIBCKiOy8GYBqqOtM29qXuYPx27UBjn2zasOcWaPA/IURbzmYau4a80xd7MS
VG+OkjkQfat83wM9lMxK05xP3WdBjn0BuLUNDSWH0NvAQkkHAIWmhcMxhOaqu0QzMoykGmVeVv73BvVtZUOcRsDjgd4yir9uu2fYEXCDdSrSCVpW50ceMzsdYbME
F8IhTKvwRgPgM7Hi7E2k+Vfu11NzW8uu+XpYS4xQXbPStbV132m+YVIyuP9qdLyYzco9XZqrwZTGNXymSkglgsHP7eSmqZv/PlCBVwfYB2yzCw==
nOA12O5yPtqL7UdseM6TVNPSxrPDZnjp7ItjtmL4r53BFmIayxlOWRF939mdnZ3hdjEOeO/fGiL+02jDDvSQ+rEGCi4broHtkevwFhw71b4GcoMel44LUSQrmZqusa72sx/C4xd1VbMw
si2DYmelpcqpURUpppGpWADkJ6MYKTL87CVZyIH+bZnbfgYz+AnNfr7iSz6PcafRxRqBeuYhVrar74pD7yV9sxg=
7ZgQW3D8BJcduqCs+hcrygDkJ6MYKTL87CVZyIH+bZnbfgYz+AnNfr7iSz6PcabRxRqBeuYhVrar74pD7yV9sxg=
bP+pteSiq9DcEwdDNC4aRgDkJ6MYKTL97CVZyIH+bZnbfgYz+AnNfr7iSz6PcaXRxRqBeuYhVrar74pD7yV9sxg=
7RrW8jc3Q0D3P+lWVbOofADkJ6MYKTL97CVZyIH+bZnbfgYz+AnNfr7iSz6PcqTRxRqBeuYhVrar74pD7yV9sxg=
WTVLkqme47r0OKSmUBPDcgDkJ6MYKTL+7CVZyIH+bZnbfgYz+AnNfr7iSz6Pc6PRxRqBeuYhVrar74pD7yV9sxg=
kxa7vVT718LQFrt12YWDSgDkJ6MYKTL+7CVZyIH+bZnbfgYz+AnNfr7iSz6Pc6LRxRqBeuYhVrar74pD7yV9sxg=
g8OC4p44OVs6hce+NaA8aVo47Mk0EPX7WIJ8dzIrNIBCKiOy8GYBqqOtM29qXuYPx27UBjn2zacNcW6OA/IURbzmYau4a80xd7MS
XLUYaPB3A4TjY0nCi+PJbJxP3WdBjn0BuLUNDSWH0NvAQkkHAIWmhcMxhOaqu0QzMoykGmVeVv73BvVtZUOcRsDjgd4yir9uu2vbEXiCdSrSCVpW50ceMzsdYbME
yvI/PL/BvOynPYVu2sVLJlo47Mk0EPX7WIJ8dzIrNIBCKiOy8GYBqqOtM29qXuYPx27UBjn2zaYNcW6OA/IURbzmYau4a80xd7MS
2omBUkin1GHdTdVje2Q8gpxP3GdBjn0BuLUNDSWH0NvAQkkHAIWmhcMxhOaqu0QzMoykGmVeVv73BvVtZUOcRsDjgd4yir9uu2rbEXiCdSrSCVpW50ceMzsdYbME
VpVOm21mO4Vu81qcoJVbR1o47Mk0EPX7WIJ8dzIrNIBCKiOy8GYBqqOuM29qXuYPx27UBjn2zaMMcW6OA/IURbzmYau4a80xd7MS
21cn6/Pgl9OSKDCmUFwn1ZxP3WdBjn0BuLUNDSWH0NvAQkkHAIWmhcMxhOaqu0QzMoykGmVeVv73BvVuZUOcRsDjgd4yir9uu2/aEXiCdSrSCVpW50ceMzsdYbME
oY9q56uhHXViwfdCl04jwVo47Mk0EPX7WIJ8dzIrNIBCKiOy8GYBqqOuM29qXuYPx27UBjn2zaIMcW6OA/IURbzmYau4a80xd7MS
BN4p9KyIuOvCcNL3ZjWSa5xP3GdBjn0BuLUNDSWH0NvAQkkHAIWmhcMxhOaqu0QzMoykGmVeVv73BvVuZUOcRsDjgd4yir9uu27aEXiCdSrSCVpW50ceMzsdYbME
lLjs+r+wy3EfNZ72/+gOUVo47Mk0EPX7WIJ8dzIrNIBCKiOy8GYBqqOuM29qXuYPx27UBjn2zaAMcW6OA/IURbzmYau4a80xd7MS
HZQf04V9gEQEg1JYUqHNrpxP32dBjn0BuLUNDSWH0NvAQkkHAIWmhcMxhOaqu0QzMoykGmVeVv73BvVuZUOcRsDjgd4yir9uu2zaEXiCdSrSCVpW50ceMzsdYbME
h6sqilg27HjgcbLdHf95uFo47Mk0EPX7WIJ8dzIrNIBCKiOy8GYBqqOuM29qXuYPx27UBjn2zacMcW6OA/IURbzmYau4a80xd7MS
oui2LOoAFVaUcwYT6A8Nw5xP3mdBjn0BuLUNDSWH0NvAQkkHAIWmhcMxhOaqu0QzMoykGmVeVv73BvVuZUOcRsDjgd4yir9uu2vaEXiCdSrSCVpW50ceMzsdYbME
jhdJ3hTgsRjPMPgZ8/oe5Fo47Mk0EPX7WIJ8dzIrNIBCKiOy8GYBqqOuM29qXuYPx27UBjn2zaUMcW6OA/IURbzmYau4a80xd7MS
YC1mInV0m/LkTu7cH/cWzgdb6eFLLHrCsNcjpRbpDamvtQY9sq4AYxroBAROVoXB6jd5CCZpxHo6lJvbAZvUONZ1o6PeTLlLd8Q/cLMX
8fjDa+KN7iPswqwpBOO7ugDkJ6MYKTL77CVZyIH+bZnbfgYz+AnNfr7iSz6PfqXRxBqBeuYhVrar74pD7yV9sxg=
EL8r6++mug8+Bz5OfCWW+ADkJ6MYKTL77CVZyIH+bZnbfgYz+AnNfr7iSz6Pf6TRxBqBeuYhVrar74pD7yV9sxg=
EdM5vpntr+41iTJ0jMzbxgDkJ6MYKTL67CVZyIH+bZnbfgYz+AnNfr7iSz6PdqLRxBqBeuYhVrar74pD7yV9sxg=
UnkBiSxJRC0AahzI982r0ADkJ6MYKTL+7CVZyIH+bZnbfgYz+AnNfr7iSz6PdqfRxxqBeuYhVrar74pD7yV9sxg=
VVUaX7n5Fvz32gCJ7v2RUE5GLophpzueqf8CFJPhfyxYzvk+FOlHCXc2NnOgjGJWIXXh8iC+XscPfa62/Z1P5iN+sx0=
3NS1XK1GZnoWa9lLBTODoFo47Mk0EPX7WIJ8dzIrNIBCKiOy8GYBqqOqM29qXuYPx27UBjn2zacPcW2OA/IURbzmYau4a80xd7MS
adRG+JqXHzt1MpgjiGEpjwdb6eFLLHrCsNcjpRbpDamvtQY9sq4AYxroBARKVoXB6jd5CCZpxHo6lJnYAZjUONZ1o6PeTLlLd8Q/cLMX
b2jCiEx57BhVAI0TiexcVxjah7AqUlmmrXflOgdCOD/+W+g45spHKkz2jSInKrfn5s5alyMOcL5lBoFvzTGpxs/CSL3YxkWzRHvBOXOzFg==
hA/9QW8DxpLvfFUA7HoUaZxP3WdBjn0BuLUNDSWH0NvAQkkHAIWmhcMxhOaqu0QzMoykGmVeVv73BvVqZUOcRsDjgd4yir9uu2vfEXuCdSrSCVpW50ceMzsdYbME
Bdj4XfayL65T5+k47tOSl1o47Mk0EPX7WIJ8dzIrNIBCKiOy8GYBqqOqM29qXuYPx27UBjn2zaUJcW2OA/IURbzmYau4a80xd7MS
CNjK359yhGuWaQ6pYA8/4pxP3GdBjn0BuLUNDSWH0NvAQkkHAIWmhcMxhOaqu0QzMoykGmVeVv73BvVqZUOcRsDjgd4yir9uu2nfEXuCdSrSCVpW50ceMzsdYbME
m3WNeUOxpoLdJxBTXL7EbVo47Mk0EPX7WIJ8dzIrNIBCKiOy8GYBqqOqM29qXuYPx27UBjn2zasJcW2OA/IURbzmYau4a80xd7MS
pzg2/vuPr4HFX//0nKJcgJxP3GdBjn0BuLUNDSWH0NvAQkkHAIWmhcMxhOaqu0QzMoykGmVeVv73BvVqZUOcRsDjgd4yir9uu2ffEXuCdSrSCVpW50ceMzsdYbME
m3WNeUOxpoLdJxBTXL7EbVo47Mk0EPX7WIJ8dzIrNIBCKiOy8GYBqqOqM29qXuYPx27UBjn2zasJcW2OA/IURbzmYau4a80xd7MS
n5K+FNAwCggZtC+P+cPlEpxP3WdBjn0BuLUNDSWH0NvAQkkHAIWmhcMxhOaqu0QzMoykGmVeVv73BvVqZUOcRsDjgd4yir9uu2ffEXuCdSrSCVpW50ceMzsdYbME
q4WqBirKUOC+axGn65d2hlo47Mk0EPX7WIJ8dzIrNIBCKiOy8GYBqqOqM29qXuYPx27UBjn2zaEIcW2OA/IURbzmYau4a80xd7MS
WR6GpbPCUDI2R7eWW19MUpxP3GdBjn0BuLUNDSWH0NvAQkkHAIWmhcMxhOaqu0QzMoykGmVeVv73BvVqZUOcRsDjgd4yir9uu23eEXuCdSrSCVpW50ceMzsdYbME
SQSWFLHyBGLNW1xDBWKz6Fo47Mk0EPX7WIJ8dzIrNIBCKiOy8GYBqqOqM29qXuYPx27UBjn2zaQIcW2OA/IURbzmYau4a80xd7MS
sAHDlWNU2T/3kuwkLw5E/pxP32dBjn0BuLUNDSWH0NvAQkkHAIWmhcMxhOaqu0QzMoykGmVeVv73BvVqZUOcRsDjgd4yir9uu2jeEXuCdSrSCVpW50ceMzsdYbME
l872YW5dDrKyyEt5jUR8NFo47Mk0EPX7WIJ8dzIrNIBCKiOy8GYBqqOqM29qXuYPx27UBjn2zaoIcW2OA/IURbzmYau4a80xd7MS
bVshU6/xERc6bah2CMk5UpxP32dBjn0BuLUNDSWH0NvAQkkHAIWmhcMxhOaqu0QzMoykGmVeVv73BvVqZUOcRsDjgd4yir9uu2beEXuCdSrSCVpW50ceMzsdYbME
5j4M2ECW+ROJW/MG8FB3GNPSxrPDZnjp7ItjtmL4rJ3BFmIazhlOWRF939mdnZ3hdjEOeO/fGiL+02jDDvSQ+rEGCi4broHqkevwFhw71b4GcoMel4UNUS4qmZqusa72sx/C4xd1VbMw
IIFt1EBZPAse4lVHWqxdpU5GLophpzueqf8CFJPhfyxYzvk+FOlHCXc2NnOgjGJWKXbh8yC+XscPfa62/Z1P5iN+sx0=
ygfBO0EfOQYpZ7OQHloJjQDkJ6MYKTL+7CVZyIH+bZnbfgYz+AnNfr7iSz6PdKTRxhqBeuYhVrar74pD7yV9sxg=
1rmWQxMyLRHRAys+BDxBrQDkJ6MYKTL87CVZyIH+bZnbfgYz+AnNfr7iSz6Pd6PRxhqBeuYhVrar74pD7yV9sxg=
caIi4mi71j5bAPGe7w5RkZqu3oKfs13H0kJYr6pEnIjJ2h1tWvsh5EaF3HYKuEyTwdUMlGb5O0++oOGHR+gnfLMb
uZNLbbpqMhDzR/ciICXDbBtT9ahUO2vD/8Bx81jnAqGuuUU2sq4AYxroBARJVoXB6jd5CCZpxHo6lJTfAZnUONZ1o6PeTLlLd8Q/cLMX
bSO0zI8aQZdByzoowUQ7jgdb6eFLLHrCsNcjpRbpDamvtQY9sq4AYxroBARJVoXB6jd5CCZpxHo6lJTfAZnUONZ1o6PeTLlLd8Q/cLMX
3LfKYowg+JZJQ8g7fA8qHBjah7AqUlmmrXflOgdCOD/+W+g45spHKkz2jSInKbfn5s5alyMOcL5lBoFiyTGvxs/CSL3YxkWzRHvBOXOzFg==
MlGmdIxAXT8ll4dzykgOrJxP3WdBjn0BuLUNDSWH0NvAQkkHAIWmhcMxhOaqu0QzMoykGmVeVv73BvVpZUOcRsDjgd4yir9uu2bbEX2CdSrSCVpW50ceMzsdYbME
x6wLo/qs5GqjPsktGZUkdVo47Mk0EPX7WIJ8dzIrNIBCKiOy8GYBqqOpM29qXuYPx27UBjn2zaQMcWuOA/IURbzmYau4a80xd7MS
4f5ueuPRin3YWuiaR2LMxJxP3GdBjn0BuLUNDSWH0NvAQkkHAIWmhcMxhOaqu0QzMoykGmVeVv73BvVpZUOcRsDjgd4yir9uu2jaEX2CdSrSCVpW50ceMzsdYbME
z4W0pmNRFg0uMjsxId9Vjlo47Mk0EPX7WIJ8dzIrNIBCKiOy8GYBqqOpM29qXuYPx27UBjn2zaYPcWuOA/IURbzmYau4a80xd7MS
lVPuWYIXlZ7Q6Yac3AdZGJxP32dBjn0BuLUNDSWH0NvAQkkHAIWmhcMxhOaqu0QzMoykGmVeVv73BvVpZUOcRsDjgd4yir9uu2rZEX2CdSrSCVpW50ceMzsdYbME
VPmCjuP/2GHrhte8hDpwPBjah7AqUlmmrXflOgdCOD/+W+g45spHKkz2jSInLrfn5s5alyMOcL5lBoFpzTGvxs/CSL3YxkWzRHvBOXOzFg==
BErnrKnaGc/8LQEcFO4m/Adb6eFLLHrCsNcjpRbpDamvtQY9sq4AYxroBAROVoXB6jd5CCZpxHo6lJ/eAZ7UONZ1o6PeTLlLd8Q/cLMX
GHPQ8ZVNvHrOgRR+bSABERjah7AqUlmmrXflOgdCOD/+W+g45spHKkz2jSInLrfn5s5alyMOcL5lBoFrzDGvxs/CSL3YxkWzRHvBOXOzFg==
rLbS8VvUU90V0nbqs2yRlJxP3WdBjn0BuLUNDSWH0NvAQkkHAIWmhcMxhOaqu0QzMoykGmVeVv73BvVuZUOcRsDjgd4yir9uu2/eEX2CdSrSCVpW50ceMzsdYbME
ReaMrDGoIq6218b5b4xWjVo47Mk0EPX7WIJ8dzIrNIBCKiOy8GYBqqOuM29qXuYPx27UBjn2zaMNcWqOA/IURbzmYau4a80xd7MS
7X4X8ky3rxtmX6gOeKUHKZxP3GdBjn0BuLUNDSWH0NvAQkkHAIWmhcMxhOaqu0QzMoykGmVeVv73BvVuZUOcRsDjgd4yir9uu2/bEXyCdSrSCVpW50ceMzsdYbME
+eK4BxGF447dpkEXTVzrq1o47Mk0EPX7WIJ8dzIrNIBCKiOy8GYBqqOuM29qXuYPx27UBjn2zaAMcWqOA/IURbzmYau4a80xd7MS
YDcL5oFN1yv25HG0WpGp6JxP32dBjn0BuLUNDSWH0NvAQkkHAIWmhcMxhOaqu0QzMoykGmVeVv73BvVuZUOcRsDjgd4yir9uu2zaEXyCdSrSCVpW50ceMzsdYbME
8hLGBChjmx5k5nJ0jN1lsVo47Mk0EPX7WIJ8dzIrNIBCKiOy8GYBqqOuM29qXuYPx27UBjn2zasMcWqOA/IURbzmYau4a80xd7MS
5DamoDeOAmHx09xqtxkz85xP3GdBjn0BuLUNDSWH0NvAQkkHAIWmhcMxhOaqu0QzMoykGmVeVv73BvVuZUOcRsDjgd4yir9uu2faEXyCdSrSCVpW50ceMzsdYbME
CC5u32bKbtuIf1w4fzvopVo47Mk0EPX7WIJ8dzIrNIBCKiOy8GYBqqOuM29qXuYPx27UBjn2zaEPcWqOA/IURbzmYau4a80xd7MS
/R1cg31AfHuS6u+fbCIgpJxP3mdBjn0BuLUNDSWH0NvAQkkHAIWmhcMxhOaqu0QzMoykGmVeVv73BvVuZUOcRsDjgd4yir9uu23ZEXyCdSrSCVpW50ceMzsdYbME
gyPh40Y1DCXMhrvLHZ5aYlo47Mk0EPX7WIJ8dzIrNIBCKiOy8GYBqqOtM29qXuYPx27UBjn2zacOcWqOA/IURbzmYau4a80xd7MS
+U4rIJjruAm+Hgybr2AjgQdb6eFLLHrCsNcjpRbpDamvtQY9sq4AYxroBARNVoXB6jd5CCZpxHo6lJnZAZ/UONZ1o6PeTLlLd8Q/cLMX
mm+McUphmPt3tJHX7aGXmK+N4kKp0mF77pKiBWcXVsP+8i0+IQd5knOCDFfia+Qg0qqTEgAmMUqzrSMPWp6Wr3fuRKZpNp2C+XFablMyxCUsZhFLCCs9EWezAg==
G6Z+vohZOnzpSdDSjVaodCZ42kOb+o+lva/SZUsiy52JxwpiaPzTCqCCsluJNwff2vvCTDRtAtJo0o0EYX9ivcVu9iuQlAKOlehhbZBmPt8/JW7uTQUvPhNmswU=
iy0vxn9wpXyVIDLkovMByRjah7AqUlmmrXflOgdCOD/+W+g45spHKkz2jSInLbfn5s5alyMOcL5lBoFpzDGuxs/CSL3YxkWzRHvBOXOzFg==
0A1gle4u4nDekwRtS4bzSZxP3WdBjn0BuLUNDSWH0NvAQkkHAIWmhcMxhOaqu0QzMoykGmVeVv73BvVtZUOcRsDjgd4yir9uu23eEXyCdSrSCVpW50ceMzsdYbME
Xp72IAso4uADal1UTg1i2lo47Mk0EPX7WIJ8dzIrNIBCKiOy8GYBqqOtM29qXuYPx27UBjn2zaAIcWqOA/IURbzmYau4a80xd7MS
nP1Fs8yzWgfKo78zJzCzEJxP3GdBjn0BuLUNDSWH0NvAQkkHAIWmhcMxhOaqu0QzMoykGmVeVv73BvVtZUOcRsDjgd4yir9uu2zeEXyCdSrSCVpW50ceMzsdYbME
ai5PCOujknDuQS89Au3o2ADkJ6MYKTL+7CVZyIH+bZnbfgYz+AnNfr7iSz6Pd6fRwxqBeuYhVrar74pD7yV9sxg=
pLi7JplbFh35u4SC7k6xCgDkJ6MYKTL+7CVZyIH+bZnbfgYz+AnNfr7iSz6PcafRwxqBeuYhVrar74pD7yV9sxg=
m5nH48H3O3Mzq+mYk9IG8Vo47Mk0EPX7WIJ8dzIrNIBCKiOy8GYBqqOtM29qXuYPx27UBjn2zaEMcWmOA/IURbzmYau4a80xd7MS
7UUGzUfdNeApKPKBiccw9gdb6eFLLHrCsNcjpRbpDamvtQY9sq4AYxroBARNVoXB6jd5CCZpxHo6lJ/bAZzUONZ1o6PeTLlLd8Q/cLMX
CBYayczef2xIwxE8v6uGSH81mo5r0Ql8AHRxZk7hxbUXDRVRmpDcgmvgDOQS+e2Z72WmTTIeYLPamCQUTUalsSrnGbimGWSqeqR1ywGMtAgWJQNTXvxZGzc0H2CzBw==
FfvJWGlRt3egmEcSYqL396+N4kKp0mR77pKiBWcXVsP+8i0+IQd5knOCDFfia+Qg0qqTEgAmMUqzrSMPWp6Wr3fuRKZpNp2F/3FZblMyxCUsZhFLCCs9EWezAg==
JD4om0RACgH3WEg7iZUMsn81mo5r0Qx8AHRxZk7hxbUXDRVRmpDcgmvgDOQS+e2Z72WmTTIeYLPamCQUTUalsSrnGbimGWSqeqR5yQGMtAgWJQNTXvxZGzc0H2CzBw==
+4inlenizhJc8fFD58OmC6+N4kKp0mR77pKiBWcXVsP+8i0+IQd5knOCDFfia+Qg0qqTEgAmMUqzrSMPWp6Wr3fuRKZpNp2K/nFZblMyxCUsZhFLCCs9EWezAg==
XE2qJsI5In1oyZeUX/IxNCZ420Ob+oqjvq/SZUsiy52JxwpiaPzTCqCCsluJNwff2vvCTDRtAtJo0o0EYX9ivcVu9iuQlAKOmOxhb5BmPt8/JW7uTQUvPhNmswU=
KlQ/S/pggGI7rRduB9PaO2C1dtpKrYRCtMwxN6WOoAdyU0DbmtLJBl03tdo3QsgfrptYWHZKN4qctr3CNy2nh9YOCjfTjuBe1UZRSLgxnKYfAjgdSEb1UxQ7MRljswY=
L9twY1HN+eDunrLPy7pWUX81mo5r0Qx8AHRxZk7hxbUXDRVRmpDcgmvgDOQS+e2Z72WmTTIeYLPamCQUTUalsSrnGbimGWSqeqR1ywGNtAgWJQNTXvxZGzc0H2CzBw==
cZR2Gx9rEQqTP8/0v1n1FyZ420Oa+oinvq/SZUsiy52JxwpiaPzTCqCCsluJNwff2vvCTDRtAtJo0o0EYX9ivcVu9iuQlAKOlu9hb5BmPt8/JW7uTQUvPhNmswU=
lrWaEoHBUyCRwe5dpu4DK2C1dtpLrYZGtMwxN6WOoAdyU0DbmtLJBl03tdo3QsgfrptYWHZKN4qctr3CNy2nh9YOCjfTjuBe1UZRQroxnKYfAjgdSEb1UxQ7MRljswY=
ouNHAjGX6c0Gh1IHRWQNuBjah7AqUlmmrXflOgdCOD/+W+g45spHKkz2jSInLbfn5s5alyMOcL5lBoFpzDGsxs/CSL3YxkWzRHvBOXOzFg==
g5oG6xn+BeawSSRRdX/K3Qdb6eFLLHrCsNcjpRbpDamvtQY9sq4AYxroBARNVoXB6jd5CCZpxHo6lJ/fAZ3UONZ1o6PeTLlLd8Q/cLMX
t8EoTr5UYJG6Ps6XOHmiB6+N4kKp0mR77pKiBWcXVsP+8i0+IQd5knOCDFfia+Qg0qqTEgAmMUqzrSMPWp6Wr3fuRKZpNp2B/XFXblMyxCUsZhFLCCs9EWezAg==
30FVB/o6b4oSgzCLarixZQDkJ6MYKTL+7CVZyIH+bZnbfgYz+AnNfr7iSz6PdqbRzRqBeuYhVrar74pD7yV9sxg=
UwtA/tKberrI+MKZCvccrQDkJ6MYKTL+7CVZyIH+bZnbfgYz+AnNfr7iSz6PdqXRzRqBeuYhVrar74pD7yV9sxg=
NQLdLrZagUkGnuneLni9g2+XAWzFrDlEvzA6D1ZV6UQRSjfBkVudgmV2ARzoW6fKVFmjtsQCDAJKxYbKyqPw2t2StLa8FMRBDd//Xn6E7sHa2pCbw54j/tr35tg53fB8Bp0MHqpQcu1BJzz8xhFrV344sa+nQFdEsyM=
cwYiKk3YHQHgIds6cUX//JdW/wLJQ/Agt/t9Y47JX//n+zo6kycYSx8ubLZhFqVUhvHuPqtSzDVEprn7gEvlIX+zGg==
LQ2b6+md2v6D/LrFTmvnulfdnnpul4RU+OeacarC4VOETvYLUPSCLtYPYYHQxr6//wVuzg3lr57TBrNl
oU3GGVe2pU+WxZbSeQ1S0qr2Cve4nUup3QF9VxNGBT52krNeZ+A8UVSKKdpekR524z/So4fVBbNg
bL5fNRnwQX4WEkPsz+3ILm+XAWzFrDlEvzA6D1ZV6UQRSjfBkVudgmV2ARzoW6fKVFmjtsQCDAJKxYbKyqPw2t2StLa8FMRBDd//Xn6E7sHa2pCbw54j/tr35tg53fB8Bp0MHqpQd+pBJzz8xhFrV344sa+nQFdEsyM=
j5YujCi/AZkY2PX/cSLtFpdW/wLJQ/Agt/t9Y47JX//n+zo6kycYSx8ubLZhFqVRgfHuPqtSzDVEprn7gEvlIX+zGg==
CpcBkBZ7b29kfHODOungwJ02cb0GXJZ0xhU8BsroYqLB7yxEJglb3z4wQTeHuMcMs2s=
YFheiv9VMGZXcNWmhR+NO1fdnnpul4RU+OeacarC4VOETvYLUPSCLtYIYYHQxr6//wVuzg3lr57TBrNl
TZn7RcjFy8CS2ibOa1sHp6r2Cve4nUup3QF9VxNGBT52krNeZ+A7UVSKKdpekR524z/So4fVBbNg
PH+cyB3y0PXfe+890Nt+sfjMvg/plXg5vte/CWMKUIO6sGctMBZi03XKBR6+YuUqjruTCBsmABng/nEaXqqBuHfuRKZpNp2E+XFWblMyxCUsZhFLCCs9EWezAg==
RkpU0Zi2JZwCww3AZ9DNVWQzkgzGpN3m+/+XeEcm1pvJg0goe+3CEeGE+lLAaw7e0KfTTC52AuM7gd5WdHtWqtJu9iuQlAKOluhhYZBmPt8/JW7uTQUvPhNmswU=
Oj/sLIFP4kBM6rbe04tgu3BpY3QX8tOwfnll3ZiSPysaY91q2ng0XQbc3NnjVkpQ+rFnTx4coK0+CD7wZtEUEpo86kaBCySQdp3zGx40aWMXLA9osw8=
