fLaunq/2WgLG0/msgoGi6QioiAcpH43t9yMWGcoaWqir8qh22mW8GQA4r/lsZbzFlNEsW46wwJTGNXymSkgmg8HE6+SkqZv/PlCBVwfYB2yzCw==
JEfj/mo8D3/iwh+J7p/n9JkV9ADVUfEypus+c5GcX/Xcuj1qnzkSXh8ubLZhFqVShfHkOatQzDVEprn7gEvlIX+zGg==
e22EQY4EuPvQJwQODs2EU5Kp9QgdNZmYtTFmkNm3y2CpH5HrmpdWYAIi69XEXy4eof48Dmdu0+6PrhxW0VZ1M3fx0xn7kLyV9CYpm1AL1QFvswo=
l8gYvHsMUjg+Qqc3lKrfNZKp9RIbN4KKtTFmkNm3y2CpH4vtmIxEYAIi69XEXy4eof48Dmdu0+6PrhxW0VZ1NnDx0xn7kLyV9CYpm1AL1QFvswo=
zibSEBhpe5B+kqagUHuas3oBue9EE+bxVMt0c3R1GLNKYiOl7H827rn+JH5/Tvsex27UBjn2zacNcWqJA/AURbzmYau4a80xd7MS
WVtLAjm2orQ8+GJEfUJ3sXoBue9EE+bxVMt0c3R0GLNKYiOl7H827rn+JH5/Tvsex27UBjn2zaYNcWqJA/AURbzmYau4a80xd7MS
yy+L/sw6Xt6p7jDlcCNma3oBue9EE+bxVMt0c3R3GLNKYiOl7H827rn+JH5/Tvsex27UBjn2zaQNcWqJA/AURbzmYau4a80xd7MS
ElQv9LW1KIeprqtF6W4YWnoBue9EE+bxVMt0c3R2GLNKYiOl7H827rn+JH5/Tvsex27UBjn2zaoNcWqJA/AURbzmYau4a80xd7MS
3QXBMHP/DrimunBqUR5NSUp6IHCJwnqDnwjZr54OohiqVzGtj5y2xZ2Nif2TAwx5bmEAidrBGbVl6g8t1YMbEwkIRjxB7McrnOjCahXFQFHnbvRG2XatZe5xSkmjcLSF3OaB69jrbXFXszI=
Ki48c6KATUxIhPwqi1DTZ1fdnnpul4RU+OeacarC4VOETvYLUPSCLtMJYY3Xxry//wVuzg3lr57TBrNl
wmyvNWKwfw7sRs3oJFLK8ar2Cve4nUup3QF9VxNGBT52krNeZ+U6UViNKdhekR524z/So4fVBbNg
7YsvMADssfkKp0Is48ybEUp6IHCJwnqDngjZr54OohiqVzGtj5y2xZ2Nif2TAwx5bmEAidrBGbVl6g8t1YMbEgkIRjxB7McrnOjCahXFQFHnbvRG2Xata+1xSUmjcLSF3OaB69jrbXFXszI=
icGs2W6hFcjzzU/UdpzMTEp6IHCJwnqDnQjZr54OohiqVzGtj5y2xZ2Nif2TAwx5bmEAidrBGbVl6g8t1YMbEQkIRjxB7McrnOjCahXFQFHnbvRG2XatauxxSUmjcLSF3OaB69jrbXFXszI=
g/8x939j4EreAejTIHYoJEp6IHCJwnqDnAjZr54OohiqVzGtj5y2xZ2Nif2TAwx5bmEAidrBGbVl6g8t1YMbEAkIRjxB7McrnOjCahXFQFHnbvRG2XatZe9xSUmjcLSF3OaB69jrbXFXszI=
NBp/CO5eN/TLNzR50iIUQEp6IHCJwnqDnAjZr54OohiqVzGtj5y2xZ2Nif2TAwx5bmEAidrBGbVl6g8t1YMbEAkIRjxB7Mcvlf/FahXFQFHnbvRG2XatYu1xT0ijcLSF3OaB69jrbXFXszI=
vNUzmLRHXqCyuyWifGqC7Ep6IHCJwnqDnAjZr54OohiqVzGtj5y2xZ2Nif2TAwx5bmEAidrBGbVl6g8t1YMbEAkIRjxB7McrnOjCahXFQFHnbvRG2XatZ+xxT0ijcLSF3OaB69jrbXFXszI=
nxXYnzlXKrKQDYNwi0IYRE47Lhj+hsTfw+piChnZkP3lL2X1jSMWvJbY49Kp2Yv27AMrcEQDNXwcxkTmNCmfporQEenL6+KkPXxLoxhoRuKZVbzJQw6Q/gWGYS+tMYiAb0Do/fjGZfPk+2F5U7M2
URQrouNsuwcgSRS2U8bLgW+XAWzErDlEvzA6D1ZV6UQRSjfBkVudgmV2ARzoW6fKVFmjtsQCDAJKxYbKyqPw2t2StLa8FMRBDd//Xn6E7sHa2pCbw54j/tr35tg53fB8Bp0MHqpQde9BJj38xBFrV344sa+nQFdEsyM=
GYU8sJvXBJUutQqGp1fFTZdW/wLJQ/Agt/t9Y47JX//n+zo6kycYSx8ubLZhFqVThPHvP6tQzDVEprn7gEvlIX+zGg==
l8xF2+Vo2UKCsEoF8aWKq1fdnnpul4RU+OeacarC4VOETvYLUPSCLtENYYDRxry//wVuzg3lr57TBrNl
sKw7xf11RhDDf4XJL2Y2nKr2Cve4nUup3QF9VxNGBT52krNeZ+c+UVWLKdhekR524z/So4fVBbNg
uyfBeQkXt2pUObZqTpGr2p02cb0GXJZ0xhU8BsroYKfB7i1EJAlb3z4wQTeHuMcMs2s=
0ufIq+m/KJHpnA3yEtygxVfdnnpul4RU+OeacarC4VOETvYLUPSCLtQNYYDRxry//wVuzg3lr57TBrNl
rjvlr8qUSCB4ZKnmQDNw46r2Cve4nUup3QF9VxNGBT52krNeZ+I+UVWLKdhekR524z/So4fVBbNg
J5cQvuHarQy8y3vBKFjrvPjMvg/plXg5vte/CWMKUIO6sGctMBZi03XKBR6+YuUqjruTCBsmABng/nEaXqqBuHfuRKZpNp2G/HFXb1MwxCUsZhFLCCs9EWezAg==
2HQbAmKehN5PaYy8zfoFfmQzkgzGpN3m+/+XeEcm1pvJg0goe+3CEeGE+lLAaw7e0KfTTC52AuM7gd5WdHtWqtJu9iuQlAKOlO1hYJFmPN8/JW7uTQUvPhNmswU=
O5rIShoh9ZnTZSv698ww5XBpY3QX8tOwfnll3ZiSPysaY91q2ng0XQbc3NnjVkpQ+rFnTx4coK0+CD7wZtEUEpo86EOBCiWQdJ3zGx40aWMXLA9osw8=
